<?xml version="1.0" encoding="UTF-8"?>
<testsuite xmlns:xsi="http://www.w3.org/2001/XMLSchema-instance" xsi:noNamespaceSchemaLocation="https://maven.apache.org/surefire/maven-surefire-plugin/xsd/surefire-test-report.xsd" version="3.0.2" name="com.api.agenda.AgendaApplicationTests" time="19.134" tests="1" errors="0" skipped="0" failures="0">
  <properties>
[...]
</properties>
  <testcase name="contextLoads" classname="com.api.agenda.AgendaApplicationTests" time="1.217">
    <system-out><![CDATA[11:39:53.893 [main] INFO org.springframework.test.context.support.AnnotationConfigContextLoaderUtils -- Could not detect default configuration classes for test class [com.api.agenda.AgendaApplicationTests]: AgendaApplicationTests does not declare any static, non-private, non-final, nested classes annotated with @Configuration.
11:39:54.120 [main] INFO org.springframework.boot.test.context.SpringBootTestContextBootstrapper -- Found @SpringBootConfiguration com.api.agenda.AgendaApplication for test class com.api.agenda.AgendaApplicationTests
11:39:54.452 [main] INFO org.springframework.boot.devtools.restart.RestartApplicationListener -- Restart disabled due to context in which it is running

  .   ____          _            __ _ _
 /\\ / ___'_ __ _ _(_)_ __  __ _ \ \ \ \
( ( )\___ | '_ | '_| | '_ \/ _` | \ \ \ \
 \\/  ___)| |_)| | | | | || (_| |  ) ) ) )
  '  |____| .__|_| |_|_| |_\__, | / / / /
 =========|_|==============|___/=/_/_/_/

 :: Spring Boot ::                (v3.5.7)

2025-11-13T11:39:55.108-03:00  INFO 4137 --- [agenda] [           main] com.api.agenda.AgendaApplicationTests    : Starting AgendaApplicationTests using Java 24.0.2 with PID 4137 (started by filipe in /home/filipe/ifba/Web-Programation/agenda)
2025-11-13T11:39:55.117-03:00  INFO 4137 --- [agenda] [           main] com.api.agenda.AgendaApplicationTests    : No active profile set, falling back to 1 default profile: "default"
2025-11-13T11:39:57.236-03:00  INFO 4137 --- [agenda] [           main] .s.d.r.c.RepositoryConfigurationDelegate : Bootstrapping Spring Data JPA repositories in DEFAULT mode.
2025-11-13T11:39:57.423-03:00  INFO 4137 --- [agenda] [           main] .s.d.r.c.RepositoryConfigurationDelegate : Finished Spring Data repository scanning in 160 ms. Found 1 JPA repository interface.
2025-11-13T11:39:58.998-03:00  INFO 4137 --- [agenda] [           main] o.hibernate.jpa.internal.util.LogHelper  : HHH000204: Processing PersistenceUnitInfo [name: default]
2025-11-13T11:39:59.141-03:00  INFO 4137 --- [agenda] [           main] org.hibernate.Version                    : HHH000412: Hibernate ORM core version 6.6.33.Final
2025-11-13T11:39:59.236-03:00  INFO 4137 --- [agenda] [           main] o.h.c.internal.RegionFactoryInitiator    : HHH000026: Second-level cache disabled
2025-11-13T11:40:00.096-03:00  INFO 4137 --- [agenda] [           main] o.s.o.j.p.SpringPersistenceUnitInfo      : No LoadTimeWeaver setup: ignoring JPA class transformer
2025-11-13T11:40:00.183-03:00  INFO 4137 --- [agenda] [           main] com.zaxxer.hikari.HikariDataSource       : HikariPool-1 - Starting...
2025-11-13T11:40:01.773-03:00  INFO 4137 --- [agenda] [           main] com.zaxxer.hikari.pool.HikariPool        : HikariPool-1 - Added connection org.postgresql.jdbc.PgConnection@58aa5c94
2025-11-13T11:40:01.776-03:00  INFO 4137 --- [agenda] [           main] com.zaxxer.hikari.HikariDataSource       : HikariPool-1 - Start completed.
2025-11-13T11:40:04.014-03:00  WARN 4137 --- [agenda] [           main] org.hibernate.orm.deprecation            : HHH90000025: PostgreSQLDialect does not need to be specified explicitly using 'hibernate.dialect' (remove the property setting and it will be selected by default)
2025-11-13T11:40:04.380-03:00  INFO 4137 --- [agenda] [           main] org.hibernate.orm.connections.pooling    : HHH10001005: Database info:
	Database JDBC URL [Connecting through datasource 'HikariDataSource (HikariPool-1)']
	Database driver: undefined/unknown
	Database version: 17.5
	Autocommit mode: undefined/unknown
	Isolation level: undefined/unknown
	Minimum pool size: undefined/unknown
	Maximum pool size: undefined/unknown
2025-11-13T11:40:06.016-03:00  INFO 4137 --- [agenda] [           main] o.h.e.t.j.p.i.JtaPlatformInitiator       : HHH000489: No JTA platform available (set 'hibernate.transaction.jta.platform' to enable JTA platform integration)
Hibernate: create table roles (id bigint generated by default as identity, role varchar(255), primary key (id))
Hibernate: alter table if exists usuarios add column password varchar(255)
Hibernate: alter table if exists usuarios add column username varchar(255)
Hibernate: create table usuarios_roles (usuarios_id bigint not null, roles_id bigint not null)
Hibernate: alter table if exists usuarios_roles add constraint FK3say4n5o70d83i842ncv2l56x foreign key (roles_id) references roles
Hibernate: alter table if exists usuarios_roles add constraint FK6j2duw4ute390mj7kos3sffss foreign key (usuarios_id) references usuarios
2025-11-13T11:40:08.916-03:00  INFO 4137 --- [agenda] [           main] j.LocalContainerEntityManagerFactoryBean : Initialized JPA EntityManagerFactory for persistence unit 'default'
2025-11-13T11:40:09.601-03:00  INFO 4137 --- [agenda] [           main] r$InitializeUserDetailsManagerConfigurer : Global AuthenticationManager configured with UserDetailsService bean with name autenticacaoService
2025-11-13T11:40:09.710-03:00  WARN 4137 --- [agenda] [           main] JpaBaseConfiguration$JpaWebConfiguration : spring.jpa.open-in-view is enabled by default. Therefore, database queries may be performed during view rendering. Explicitly configure spring.jpa.open-in-view to disable this warning
2025-11-13T11:40:11.450-03:00  INFO 4137 --- [agenda] [           main] com.api.agenda.AgendaApplicationTests    : Started AgendaApplicationTests in 17.023 seconds (process running for 19.085)
]]></system-out>
    <system-err><![CDATA[Mockito is currently self-attaching to enable the inline-mock-maker. This will no longer work in future releases of the JDK. Please add Mockito as an agent to your build as described in Mockito's documentation: https://javadoc.io/doc/org.mockito/mockito-core/latest/org.mockito/org/mockito/Mockito.html#0.3
WARNING: A Java agent has been loaded dynamically (/home/filipe/.m2/repository/net/bytebuddy/byte-buddy-agent/1.17.8/byte-buddy-agent-1.17.8.jar)
WARNING: If a serviceability tool is in use, please run with -XX:+EnableDynamicAgentLoading to hide this warning
WARNING: If a serviceability tool is not in use, please run with -Djdk.instrument.traceUsage for more information
WARNING: Dynamic loading of agents will be disallowed by default in a future release
]]></system-err>
  </testcase>
</testsuite>